<?xml version="1.0" encoding="UTF-8"?>
<testng-results ignored="2" total="3" passed="0" failed="1" skipped="0">
  <reporter-output>
  </reporter-output>
  <suite started-at="2022-10-27T19:27:32 IST" name="Failed suite [Default suite]" finished-at="2022-10-27T19:27:47 IST" duration-ms="14744">
    <groups>
    </groups>
    <test started-at="2022-10-27T19:27:32 IST" name="Default test(failed)" finished-at="2022-10-27T19:27:47 IST" duration-ms="14744">
      <class name="com.automationproject.testngsessions.OrangeHrmTest2">
        <test-method is-config="true" signature="lauchBrowser()[pri:0, instance:com.automationproject.testngsessions.OrangeHrmTest2@f736069]" started-at="2022-10-27T19:27:32 IST" name="lauchBrowser" finished-at="2022-10-27T19:27:34 IST" duration-ms="2026" status="PASS">
          <reporter-output>
          </reporter-output>
        </test-method> <!-- lauchBrowser -->
        <test-method is-config="true" signature="launchUrl()[pri:0, instance:com.automationproject.testngsessions.OrangeHrmTest2@f736069]" started-at="2022-10-27T19:27:34 IST" name="launchUrl" finished-at="2022-10-27T19:27:38 IST" duration-ms="4085" status="PASS">
          <reporter-output>
          </reporter-output>
        </test-method> <!-- launchUrl -->
        <test-method is-config="true" signature="orangeHRMLogin()[pri:0, instance:com.automationproject.testngsessions.OrangeHrmTest2@f736069]" started-at="2022-10-27T19:27:38 IST" name="orangeHRMLogin" finished-at="2022-10-27T19:27:42 IST" duration-ms="3920" status="PASS">
          <reporter-output>
          </reporter-output>
        </test-method> <!-- orangeHRMLogin -->
        <test-method signature="addEmployee()[pri:1, instance:com.automationproject.testngsessions.OrangeHrmTest2@f736069]" started-at="2022-10-27T19:27:42 IST" name="addEmployee" finished-at="2022-10-27T19:27:46 IST" duration-ms="3519" status="FAIL">
          <exception class="java.lang.AssertionError">
            <message>
              <![CDATA[expected [https://opensource-demo.orangehrmlive.com/web/index.php/pim/addEmployee] but found [https://opensource-demo.orangehrmlive.com/web/index.php/pim/viewDefinedPredefine]]]>
            </message>
            <full-stacktrace>
              <![CDATA[java.lang.AssertionError: expected [https://opensource-demo.orangehrmlive.com/web/index.php/pim/addEmployee] but found [https://opensource-demo.orangehrmlive.com/web/index.php/pim/viewDefinedPredefine]
at org.testng.Assert.fail(Assert.java:99)
at org.testng.Assert.failNotEquals(Assert.java:1037)
at org.testng.Assert.assertEqualsImpl(Assert.java:140)
at org.testng.Assert.assertEquals(Assert.java:122)
at org.testng.Assert.assertEquals(Assert.java:629)
at org.testng.Assert.assertEquals(Assert.java:639)
at com.automationproject.testngsessions.OrangeHrmTest2.addEmployee(OrangeHrmTest2.java:74)
at java.base/jdk.internal.reflect.NativeMethodAccessorImpl.invoke0(Native Method)
at java.base/jdk.internal.reflect.NativeMethodAccessorImpl.invoke(NativeMethodAccessorImpl.java:77)
at java.base/jdk.internal.reflect.DelegatingMethodAccessorImpl.invoke(DelegatingMethodAccessorImpl.java:43)
at java.base/java.lang.reflect.Method.invoke(Method.java:568)
at org.testng.internal.MethodInvocationHelper.invokeMethod(MethodInvocationHelper.java:133)
at org.testng.internal.TestInvoker.invokeMethod(TestInvoker.java:598)
at org.testng.internal.TestInvoker.invokeTestMethod(TestInvoker.java:173)
at org.testng.internal.MethodRunner.runInSequence(MethodRunner.java:46)
at org.testng.internal.TestInvoker$MethodInvocationAgent.invoke(TestInvoker.java:824)
at org.testng.internal.TestInvoker.invokeTestMethods(TestInvoker.java:146)
at org.testng.internal.TestMethodWorker.invokeTestMethods(TestMethodWorker.java:146)
at org.testng.internal.TestMethodWorker.run(TestMethodWorker.java:128)
at java.base/java.util.ArrayList.forEach(ArrayList.java:1511)
at org.testng.TestRunner.privateRun(TestRunner.java:794)
at org.testng.TestRunner.run(TestRunner.java:596)
at org.testng.SuiteRunner.runTest(SuiteRunner.java:377)
at org.testng.SuiteRunner.runSequentially(SuiteRunner.java:371)
at org.testng.SuiteRunner.privateRun(SuiteRunner.java:332)
at org.testng.SuiteRunner.run(SuiteRunner.java:276)
at org.testng.SuiteRunnerWorker.runSuite(SuiteRunnerWorker.java:53)
at org.testng.SuiteRunnerWorker.run(SuiteRunnerWorker.java:96)
at org.testng.TestNG.runSuitesSequentially(TestNG.java:1212)
at org.testng.TestNG.runSuitesLocally(TestNG.java:1134)
at org.testng.TestNG.runSuites(TestNG.java:1063)
at org.testng.TestNG.run(TestNG.java:1031)
at org.testng.remote.AbstractRemoteTestNG.run(AbstractRemoteTestNG.java:115)
at org.testng.remote.RemoteTestNG.initAndRun(RemoteTestNG.java:251)
at org.testng.remote.RemoteTestNG.main(RemoteTestNG.java:77)
]]>
            </full-stacktrace>
          </exception> <!-- java.lang.AssertionError -->
          <reporter-output>
          </reporter-output>
        </test-method> <!-- addEmployee -->
        <test-method is-config="true" signature="captureScreenshot(org.testng.ITestResult)[pri:0, instance:com.automationproject.testngsessions.OrangeHrmTest2@f736069]" started-at="2022-10-27T19:27:46 IST" name="captureScreenshot" finished-at="2022-10-27T19:27:46 IST" duration-ms="168" status="PASS">
          <params>
            <param index="0">
              <value>
                <![CDATA[[TestResult name=addEmployee status=FAILURE method=OrangeHrmTest2.addEmployee()[pri:1, instance:com.automationproject.testngsessions.OrangeHrmTest2@f736069] output={null}]]]>
              </value>
            </param>
          </params>
          <reporter-output>
          </reporter-output>
        </test-method> <!-- captureScreenshot -->
        <test-method is-config="true" signature="logOff()[pri:0, instance:com.automationproject.testngsessions.OrangeHrmTest2@f736069]" started-at="2022-10-27T19:27:46 IST" name="logOff" finished-at="2022-10-27T19:27:47 IST" duration-ms="756" status="PASS">
          <reporter-output>
          </reporter-output>
        </test-method> <!-- logOff -->
        <test-method is-config="true" signature="tearDown()[pri:0, instance:com.automationproject.testngsessions.OrangeHrmTest2@f736069]" started-at="2022-10-27T19:27:47 IST" name="tearDown" finished-at="2022-10-27T19:27:47 IST" duration-ms="225" status="PASS">
          <reporter-output>
          </reporter-output>
        </test-method> <!-- tearDown -->
      </class> <!-- com.automationproject.testngsessions.OrangeHrmTest2 -->
    </test> <!-- Default test(failed) -->
  </suite> <!-- Failed suite [Default suite] -->
</testng-results>
