<?xml version="1.0" encoding="UTF-8"?>
<!-- Generated by org.testng.reporters.JUnitXMLReporter -->
<testsuite ignored="2" hostname="MADEM" failures="1" tests="1" name="Default test(failed)" time="14.744" errors="0" timestamp="2022-10-27T19:27:47 IST">
  <testcase classname="com.automationproject.testngsessions.OrangeHrmTest2" name="addEmployee" time="3.519">
    <failure type="java.lang.AssertionError" message="expected [https://opensource-demo.orangehrmlive.com/web/index.php/pim/addEmployee] but found [https://opensource-demo.orangehrmlive.com/web/index.php/pim/viewDefinedPredefine]">
      <![CDATA[java.lang.AssertionError: expected [https://opensource-demo.orangehrmlive.com/web/index.php/pim/addEmployee] but found [https://opensource-demo.orangehrmlive.com/web/index.php/pim/viewDefinedPredefine]
at com.automationproject.testngsessions.OrangeHrmTest2.addEmployee(OrangeHrmTest2.java:74)
at java.base/java.util.ArrayList.forEach(ArrayList.java:1511)
... Removed 33 stack frames]]>
    </failure>
  </testcase> <!-- addEmployee -->
  <testcase classname="com.automationproject.testngsessions.OrangeHrmTest2" name="reportSearch" time="0.0">
    <ignored/>
  </testcase> <!-- reportSearch -->
  <testcase classname="com.automationproject.testngsessions.OrangeHrmTest2" name="deleteEmployee" time="0.0">
    <ignored/>
  </testcase> <!-- deleteEmployee -->
</testsuite> <!-- Default test(failed) -->
